[debug] [2023-11-06T11:00:35.869Z] ----------------------------------------------------------------------
[debug] [2023-11-06T11:00:35.877Z] Command:       C:\Program Files\nodejs\node.exe C:\Users\hp\AppData\Roaming\npm\node_modules\firebase-tools\lib\bin\firebase.js init
[debug] [2023-11-06T11:00:35.878Z] CLI Version:   12.8.0
[debug] [2023-11-06T11:00:35.879Z] Platform:      win32
[debug] [2023-11-06T11:00:35.880Z] Node Version:  v18.13.0
[debug] [2023-11-06T11:00:35.883Z] Time:          Mon Nov 06 2023 16:30:35 GMT+0530 (India Standard Time)
[debug] [2023-11-06T11:00:35.883Z] ----------------------------------------------------------------------
[debug] 
[debug] [2023-11-06T11:00:35.922Z] > command requires scopes: ["email","openid","https://www.googleapis.com/auth/cloudplatformprojects.readonly","https://www.googleapis.com/auth/firebase","https://www.googleapis.com/auth/cloud-platform"]
[debug] [2023-11-06T11:00:35.925Z] > authorizing via signed-in user (omna0504@gmail.com)
[info] 
     ######## #### ########  ######## ########     ###     ######  ########
     ##        ##  ##     ## ##       ##     ##  ##   ##  ##       ##
     ######    ##  ########  ######   ########  #########  ######  ######
     ##        ##  ##    ##  ##       ##     ## ##     ##       ## ##
     ##       #### ##     ## ######## ########  ##     ##  ######  ########

You're about to initialize a Firebase project in this directory:

  D:\voltixDeploy4\Voltix_Site\front

[info] 
=== Project Setup
[info] 
[info] First, let's associate this project directory with a Firebase project.
[info] You can create multiple project aliases by running firebase use --add, 
[info] but for now we'll just set up a default project.
[info] 
[debug] [2023-11-06T11:00:44.894Z] > refreshing access token with scopes: []
[debug] [2023-11-06T11:00:44.898Z] >>> [apiv2][query] POST https://www.googleapis.com/oauth2/v3/token [none]
[debug] [2023-11-06T11:00:44.898Z] >>> [apiv2][body] POST https://www.googleapis.com/oauth2/v3/token [omitted]
[debug] [2023-11-06T11:00:45.810Z] <<< [apiv2][status] POST https://www.googleapis.com/oauth2/v3/token 200
[debug] [2023-11-06T11:00:45.810Z] <<< [apiv2][body] POST https://www.googleapis.com/oauth2/v3/token [omitted]
[debug] [2023-11-06T11:00:45.841Z] >>> [apiv2][query] GET https://firebase.googleapis.com/v1beta1/projects pageSize=100
[debug] [2023-11-06T11:00:47.125Z] <<< [apiv2][status] GET https://firebase.googleapis.com/v1beta1/projects 200
[debug] [2023-11-06T11:00:47.125Z] <<< [apiv2][body] GET https://firebase.googleapis.com/v1beta1/projects [omitted]
[info] i  Using project voll-343c6 (voll) 
[info] 
=== Hosting Setup
[info] 
[info] Your public directory is the folder (relative to your project directory) that
[info] will contain Hosting assets to be uploaded with firebase deploy. If you
[info] have a build process for your assets, use your build's output directory.
[info] 
